[debug] [2024-08-29T02:48:37.663Z] ----------------------------------------------------------------------
[debug] [2024-08-29T02:48:37.664Z] Command:       /usr/local/bin/node /usr/local/bin/firebase deploy
[debug] [2024-08-29T02:48:37.664Z] CLI Version:   13.15.2
[debug] [2024-08-29T02:48:37.664Z] Platform:      darwin
[debug] [2024-08-29T02:48:37.664Z] Node Version:  v20.16.0
[debug] [2024-08-29T02:48:37.664Z] Time:          Wed Aug 28 2024 23:48:37 GMT-0300 (Brasilia Standard Time)
[debug] [2024-08-29T02:48:37.664Z] ----------------------------------------------------------------------
[debug] 
[debug] [2024-08-29T02:48:37.711Z] > command requires scopes: ["email","openid","https://www.googleapis.com/auth/cloudplatformprojects.readonly","https://www.googleapis.com/auth/firebase","https://www.googleapis.com/auth/cloud-platform"]
[debug] [2024-08-29T02:48:37.712Z] > authorizing via signed-in user (goldenbrasiltoken@gmail.com)
[debug] [2024-08-29T02:48:37.712Z] [iam] checking project golden-token-62a99 for permissions ["firebase.projects.get","firebasehosting.sites.update"]
[debug] [2024-08-29T02:48:37.712Z] > refreshing access token with scopes: []
[debug] [2024-08-29T02:48:37.713Z] >>> [apiv2][query] POST https://www.googleapis.com/oauth2/v3/token [none]
[debug] [2024-08-29T02:48:37.713Z] >>> [apiv2][body] POST https://www.googleapis.com/oauth2/v3/token [omitted]
[debug] [2024-08-29T02:48:37.939Z] <<< [apiv2][status] POST https://www.googleapis.com/oauth2/v3/token 200
[debug] [2024-08-29T02:48:37.940Z] <<< [apiv2][body] POST https://www.googleapis.com/oauth2/v3/token [omitted]
[debug] [2024-08-29T02:48:37.950Z] >>> [apiv2][query] POST https://cloudresourcemanager.googleapis.com/v1/projects/golden-token-62a99:testIamPermissions [none]
[debug] [2024-08-29T02:48:37.950Z] >>> [apiv2][(partial)header] POST https://cloudresourcemanager.googleapis.com/v1/projects/golden-token-62a99:testIamPermissions x-goog-quota-user=projects/golden-token-62a99
[debug] [2024-08-29T02:48:37.950Z] >>> [apiv2][body] POST https://cloudresourcemanager.googleapis.com/v1/projects/golden-token-62a99:testIamPermissions {"permissions":["firebase.projects.get","firebasehosting.sites.update"]}
[debug] [2024-08-29T02:48:38.946Z] <<< [apiv2][status] POST https://cloudresourcemanager.googleapis.com/v1/projects/golden-token-62a99:testIamPermissions 200
[debug] [2024-08-29T02:48:38.946Z] <<< [apiv2][body] POST https://cloudresourcemanager.googleapis.com/v1/projects/golden-token-62a99:testIamPermissions {"permissions":["firebase.projects.get","firebasehosting.sites.update"]}
[debug] [2024-08-29T02:48:38.947Z] >>> [apiv2][query] GET https://firebase.googleapis.com/v1beta1/projects/golden-token-62a99 [none]
[debug] [2024-08-29T02:48:39.390Z] <<< [apiv2][status] GET https://firebase.googleapis.com/v1beta1/projects/golden-token-62a99 200
[debug] [2024-08-29T02:48:39.390Z] <<< [apiv2][body] GET https://firebase.googleapis.com/v1beta1/projects/golden-token-62a99 {"projectId":"golden-token-62a99","projectNumber":"819750858832","displayName":"GOLDEN TOKEN","name":"projects/golden-token-62a99","resources":{"hostingSite":"golden-token-62a99","storageBucket":"golden-token-62a99.appspot.com","locationId":"southamerica-east1"},"state":"ACTIVE","etag":"1_1999c8af-386d-4643-b948-84fbdd9d9cd5"}
[info] 
[info] === Deploying to 'golden-token-62a99'...
[info] 
[info] i  deploying hosting 
[debug] [2024-08-29T02:48:39.397Z] >>> [apiv2][query] POST https://firebasehosting.googleapis.com/v1beta1/projects/-/sites/clientes-golden/versions [none]
[debug] [2024-08-29T02:48:39.397Z] >>> [apiv2][body] POST https://firebasehosting.googleapis.com/v1beta1/projects/-/sites/clientes-golden/versions {"status":"CREATED","labels":{"deployment-tool":"cli-firebase"}}
[debug] [2024-08-29T02:48:41.316Z] <<< [apiv2][status] POST https://firebasehosting.googleapis.com/v1beta1/projects/-/sites/clientes-golden/versions 200
[debug] [2024-08-29T02:48:41.316Z] <<< [apiv2][body] POST https://firebasehosting.googleapis.com/v1beta1/projects/-/sites/clientes-golden/versions {"name":"projects/819750858832/sites/clientes-golden/versions/4f13d297f9a9c089","status":"CREATED","config":{},"labels":{"deployment-tool":"cli-firebase"}}
[info] i  hosting[clientes-golden]: beginning deploy... 
[info] i  hosting[clientes-golden]: found 21 files in build 
[debug] [2024-08-29T02:48:41.331Z] [hosting] uploading with 200 concurrency
[debug] [2024-08-29T02:48:41.658Z] [hosting] hash cache [YnVpbGQ] stored for 21 files
[debug] [2024-08-29T02:48:41.658Z] [hosting][hash queue][FINAL] {"max":319,"min":12,"avg":32.76190476190476,"active":0,"complete":21,"success":21,"errored":0,"retried":0,"total":21,"elapsed":324}
[debug] [2024-08-29T02:48:41.658Z] >>> [apiv2][query] POST https://firebasehosting.googleapis.com/v1beta1/projects/819750858832/sites/clientes-golden/versions/4f13d297f9a9c089:populateFiles [none]
[debug] [2024-08-29T02:48:41.658Z] >>> [apiv2][body] POST https://firebasehosting.googleapis.com/v1beta1/projects/819750858832/sites/clientes-golden/versions/4f13d297f9a9c089:populateFiles {"files":{"/wallet-close.png":"10de6d9b13fb10c32cca5b29f9a03be2115cb8cc9b8b816d8efa1b03a6e44f21","/wallet.png":"29d97deb6866712a2836a944401fdc30326563c097e4779091f2496a2682f0ba","/index.html":"1a82313ba4a972ffec35e6760fa2ae5a1015ed2d732ca2cdc47672bf67a2e7dc","/favicon.ico":"1463be9bedc82e16f9364eec7a1f5152cbe56229401381eed65c1496cb884407","/robots.txt":"391d14b3c2f8c9143a27a28c7399585142228d4d1bdbe2c87ac946de411fa9a2","/asset-manifest.json":"3fb4787b64ffab31252ce2e5ecfd091053b3b51afcb325f0e798084818c3768b","/manifest.json":"f0f8e07541609adc74988fdefd70e685a977fc8f02206eb541b986484502f6c8","/static/js/main.a453a11d.js.LICENSE.txt":"e7c1a9f3320b99536044ff4a1dd0a55969952b6635905be816241930d25d0d2e","/static/js/453.d29c3f0a.chunk.js.map":"d727e23b043df6ed03e4b5d530e5dfde8491bcf721c23c6384d2cefda2ddde87","/static/js/453.d29c3f0a.chunk.js":"6fcbc76732af0586daeba105db5e0d0e0f54bd40b2de2e1e8c007cc445228bce","/static/js/213.d202aafd.chunk.js":"2dd38db626e244cdfcb44f093c55245247dbe4db24b7166149ae645999fc2279","/static/js/213.d202aafd.chunk.js.LICENSE.txt":"520603398fbb8fb48a9b49ddd13b828d921ac8c685370d918d6b36fed9bdf275","/static/css/main.180722c1.css.map":"f99e8173f2eba22dd0e7ba335fe49af9e27b679586c8ac4764ba8ebaeaa1e08f","/static/css/main.180722c1.css":"985a9bbbeaa7d9847c5fe124afe170f8e09867f3af436da91624fad854c67e81","/static/js/213.d202aafd.chunk.js.map":"9d8d8dcfe898666785010ce6f0096079ae183d5a61d2b4de6afa4e7ae3b77813","/static/js/732.0b5985dc.chunk.js":"6b3e25d17b69dced962c32c0d0fa7c9ae0c0fd7c1cf5623efd451b0f693cc646","/logo-golden.png":"fad273a48d404406cebfa0372472b29eb2999f72407f205b559dce6bcd923e75","/static/js/732.0b5985dc.chunk.js.map":"a9b401d300421626a545496ad6cd8a85006d167f3eadf205fd22e431911a2a6d","/static/js/main.a453a11d.js":"214c91ad672735c9aff05b0a644ab8ad95964743259e0b346ea137270c46d441","/textura.jpg":"8bfac87de102fca7c09e160431f71a320dbaca91c668920dd7176721b2329748","/static/js/main.a453a11d.js.map":"9f7b8ab1c53b9a992bf270d9a81253051f5422a04e6b78d0ba6773aa0a27b1be"}}
[debug] [2024-08-29T02:48:42.362Z] <<< [apiv2][status] POST https://firebasehosting.googleapis.com/v1beta1/projects/819750858832/sites/clientes-golden/versions/4f13d297f9a9c089:populateFiles 200
[debug] [2024-08-29T02:48:42.362Z] <<< [apiv2][body] POST https://firebasehosting.googleapis.com/v1beta1/projects/819750858832/sites/clientes-golden/versions/4f13d297f9a9c089:populateFiles {"uploadRequiredHashes":["214c91ad672735c9aff05b0a644ab8ad95964743259e0b346ea137270c46d441","9f7b8ab1c53b9a992bf270d9a81253051f5422a04e6b78d0ba6773aa0a27b1be","3fb4787b64ffab31252ce2e5ecfd091053b3b51afcb325f0e798084818c3768b","1a82313ba4a972ffec35e6760fa2ae5a1015ed2d732ca2cdc47672bf67a2e7dc","e7c1a9f3320b99536044ff4a1dd0a55969952b6635905be816241930d25d0d2e"],"uploadUrl":"https://upload-firebasehosting.googleapis.com/upload/sites/clientes-golden/versions/4f13d297f9a9c089/files"}
[debug] [2024-08-29T02:48:42.365Z] >>> [apiv2][query] POST https://upload-firebasehosting.googleapis.com/upload/sites/clientes-golden/versions/4f13d297f9a9c089/files/214c91ad672735c9aff05b0a644ab8ad95964743259e0b346ea137270c46d441 [none]
[debug] [2024-08-29T02:48:42.365Z] >>> [apiv2][body] POST https://upload-firebasehosting.googleapis.com/upload/sites/clientes-golden/versions/4f13d297f9a9c089/files/214c91ad672735c9aff05b0a644ab8ad95964743259e0b346ea137270c46d441 [stream]
[debug] [2024-08-29T02:48:42.367Z] >>> [apiv2][query] POST https://upload-firebasehosting.googleapis.com/upload/sites/clientes-golden/versions/4f13d297f9a9c089/files/9f7b8ab1c53b9a992bf270d9a81253051f5422a04e6b78d0ba6773aa0a27b1be [none]
[debug] [2024-08-29T02:48:42.367Z] >>> [apiv2][body] POST https://upload-firebasehosting.googleapis.com/upload/sites/clientes-golden/versions/4f13d297f9a9c089/files/9f7b8ab1c53b9a992bf270d9a81253051f5422a04e6b78d0ba6773aa0a27b1be [stream]
[debug] [2024-08-29T02:48:42.369Z] >>> [apiv2][query] POST https://upload-firebasehosting.googleapis.com/upload/sites/clientes-golden/versions/4f13d297f9a9c089/files/3fb4787b64ffab31252ce2e5ecfd091053b3b51afcb325f0e798084818c3768b [none]
[debug] [2024-08-29T02:48:42.369Z] >>> [apiv2][body] POST https://upload-firebasehosting.googleapis.com/upload/sites/clientes-golden/versions/4f13d297f9a9c089/files/3fb4787b64ffab31252ce2e5ecfd091053b3b51afcb325f0e798084818c3768b [stream]
[debug] [2024-08-29T02:48:42.371Z] >>> [apiv2][query] POST https://upload-firebasehosting.googleapis.com/upload/sites/clientes-golden/versions/4f13d297f9a9c089/files/1a82313ba4a972ffec35e6760fa2ae5a1015ed2d732ca2cdc47672bf67a2e7dc [none]
[debug] [2024-08-29T02:48:42.371Z] >>> [apiv2][body] POST https://upload-firebasehosting.googleapis.com/upload/sites/clientes-golden/versions/4f13d297f9a9c089/files/1a82313ba4a972ffec35e6760fa2ae5a1015ed2d732ca2cdc47672bf67a2e7dc [stream]
[debug] [2024-08-29T02:48:42.373Z] >>> [apiv2][query] POST https://upload-firebasehosting.googleapis.com/upload/sites/clientes-golden/versions/4f13d297f9a9c089/files/e7c1a9f3320b99536044ff4a1dd0a55969952b6635905be816241930d25d0d2e [none]
[debug] [2024-08-29T02:48:42.373Z] >>> [apiv2][body] POST https://upload-firebasehosting.googleapis.com/upload/sites/clientes-golden/versions/4f13d297f9a9c089/files/e7c1a9f3320b99536044ff4a1dd0a55969952b6635905be816241930d25d0d2e [stream]
[debug] [2024-08-29T02:48:42.374Z] [hosting][populate queue][FINAL] {"max":709,"min":709,"avg":709,"active":0,"complete":1,"success":1,"errored":0,"retried":0,"total":1,"elapsed":718}
[debug] [2024-08-29T02:48:42.374Z] [hosting] uploads queued: 5
[debug] [2024-08-29T02:48:43.459Z] <<< [apiv2][status] POST https://upload-firebasehosting.googleapis.com/upload/sites/clientes-golden/versions/4f13d297f9a9c089/files/e7c1a9f3320b99536044ff4a1dd0a55969952b6635905be816241930d25d0d2e 200
[debug] [2024-08-29T02:48:43.459Z] <<< [apiv2][body] POST https://upload-firebasehosting.googleapis.com/upload/sites/clientes-golden/versions/4f13d297f9a9c089/files/e7c1a9f3320b99536044ff4a1dd0a55969952b6635905be816241930d25d0d2e [stream]
[debug] [2024-08-29T02:48:43.513Z] <<< [apiv2][status] POST https://upload-firebasehosting.googleapis.com/upload/sites/clientes-golden/versions/4f13d297f9a9c089/files/1a82313ba4a972ffec35e6760fa2ae5a1015ed2d732ca2cdc47672bf67a2e7dc 200
[debug] [2024-08-29T02:48:43.513Z] <<< [apiv2][body] POST https://upload-firebasehosting.googleapis.com/upload/sites/clientes-golden/versions/4f13d297f9a9c089/files/1a82313ba4a972ffec35e6760fa2ae5a1015ed2d732ca2cdc47672bf67a2e7dc [stream]
[debug] [2024-08-29T02:48:43.560Z] <<< [apiv2][status] POST https://upload-firebasehosting.googleapis.com/upload/sites/clientes-golden/versions/4f13d297f9a9c089/files/3fb4787b64ffab31252ce2e5ecfd091053b3b51afcb325f0e798084818c3768b 200
[debug] [2024-08-29T02:48:43.561Z] <<< [apiv2][body] POST https://upload-firebasehosting.googleapis.com/upload/sites/clientes-golden/versions/4f13d297f9a9c089/files/3fb4787b64ffab31252ce2e5ecfd091053b3b51afcb325f0e798084818c3768b [stream]
[debug] [2024-08-29T02:48:43.648Z] <<< [apiv2][status] POST https://upload-firebasehosting.googleapis.com/upload/sites/clientes-golden/versions/4f13d297f9a9c089/files/214c91ad672735c9aff05b0a644ab8ad95964743259e0b346ea137270c46d441 200
[debug] [2024-08-29T02:48:43.648Z] <<< [apiv2][body] POST https://upload-firebasehosting.googleapis.com/upload/sites/clientes-golden/versions/4f13d297f9a9c089/files/214c91ad672735c9aff05b0a644ab8ad95964743259e0b346ea137270c46d441 [stream]
[debug] [2024-08-29T02:48:45.169Z] <<< [apiv2][status] POST https://upload-firebasehosting.googleapis.com/upload/sites/clientes-golden/versions/4f13d297f9a9c089/files/9f7b8ab1c53b9a992bf270d9a81253051f5422a04e6b78d0ba6773aa0a27b1be 200
[debug] [2024-08-29T02:48:45.170Z] <<< [apiv2][body] POST https://upload-firebasehosting.googleapis.com/upload/sites/clientes-golden/versions/4f13d297f9a9c089/files/9f7b8ab1c53b9a992bf270d9a81253051f5422a04e6b78d0ba6773aa0a27b1be [stream]
[debug] [2024-08-29T02:48:45.170Z] [hosting][upload queue][FINAL] {"max":2806,"min":1094,"avg":1506,"active":0,"complete":5,"success":5,"errored":0,"retried":0,"total":5,"elapsed":2807}
[info] ✔  hosting[clientes-golden]: file upload complete 
[debug] [2024-08-29T02:48:45.172Z] [hosting] deploy completed after 3854ms
[debug] [2024-08-29T02:48:45.172Z] [
  {
    "config": {
      "target": "clientes-golden",
      "public": "build",
      "ignore": [
        "firebase.json",
        "**/.*",
        "**/node_modules/**"
      ],
      "rewrites": [
        {
          "source": "**",
          "destination": "/index.html"
        }
      ],
      "site": "clientes-golden"
    },
    "version": "projects/819750858832/sites/clientes-golden/versions/4f13d297f9a9c089"
  }
]
[info] i  hosting[clientes-golden]: finalizing version... 
[debug] [2024-08-29T02:48:45.175Z] >>> [apiv2][query] PATCH https://firebasehosting.googleapis.com/v1beta1/projects/-/sites/clientes-golden/versions/4f13d297f9a9c089 updateMask=status%2Cconfig
[debug] [2024-08-29T02:48:45.175Z] >>> [apiv2][body] PATCH https://firebasehosting.googleapis.com/v1beta1/projects/-/sites/clientes-golden/versions/4f13d297f9a9c089 {"status":"FINALIZED","config":{"rewrites":[{"glob":"**","path":"/index.html"}]}}
